
8월 11, 2022 10:03:46.744 NEW SESSION
8월 11, 2022 10:03:46.744 [15132:15680:0811/100346.741:ERROR:device_event_log_impl.cc(214)] [10:03:46.741] Bluetooth: bluetooth_adapter_winrt.cc:1074 Getting Default Adapter failed.
8월 11, 2022 10:04:44.435 [15132:5088:0811/100444.434:ERROR:util.cc(127)] Can't create base directory: C:\Program Files\Google\GoogleUpdater
8월 11, 2022 10:12:28.869 [15132:15680:0811/101228.868:ERROR:interface_endpoint_client.cc(665)] Message 1 rejected by interface blink.mojom.WidgetHost
8월 11, 2022 10:12:35.549 [15132:15680:0811/101235.549:ERROR:interface_endpoint_client.cc(665)] Message 1 rejected by interface blink.mojom.WidgetHost
8월 11, 2022 10:12:35.550 [15132:15680:0811/101235.549:ERROR:interface_endpoint_client.cc(665)] Message 1 rejected by interface blink.mojom.WidgetHost
8월 11, 2022 10:12:35.551 [15132:15680:0811/101235.549:ERROR:interface_endpoint_client.cc(665)] Message 1 rejected by interface blink.mojom.WidgetHost
8월 11, 2022 10:45:47.856 [1396:14412:0811/104547.856:ERROR:device_event_log_impl.cc(214)] [10:45:47.856] Bluetooth: bluetooth_adapter_winrt.cc:1074 Getting Default Adapter failed.

8월 12, 2022 09:36:14.775 NEW SESSION
8월 12, 2022 09:36:14.775 [2136:4308:0812/093614.756:ERROR:device_event_log_impl.cc(214)] [09:36:14.755] Bluetooth: bluetooth_adapter_winrt.cc:1074 Getting Default Adapter failed.
8월 12, 2022 09:37:11.531 [2136:6788:0812/093711.530:ERROR:util.cc(127)] Can't create base directory: C:\Program Files\Google\GoogleUpdater
8월 12, 2022 10:55:01.304 [2136:4308:0812/105501.304:ERROR:interface_endpoint_client.cc(665)] Message 0 rejected by interface blink.mojom.WidgetHost
8월 12, 2022 11:42:03.740 [2136:4308:0812/114203.739:ERROR:interface_endpoint_client.cc(665)] Message 1 rejected by interface blink.mojom.WidgetHost
8월 12, 2022 11:43:56.377 [2136:4308:0812/114356.377:ERROR:interface_endpoint_client.cc(665)] Message 1 rejected by interface blink.mojom.WidgetHost
8월 12, 2022 14:37:11.540 [2136:5240:0812/143711.540:ERROR:util.cc(127)] Can't create base directory: C:\Program Files\Google\GoogleUpdater
8월 12, 2022 18:21:38.340 [18068:11416:0812/182138.340:ERROR:device_event_log_impl.cc(214)] [18:21:38.340] Bluetooth: bluetooth_adapter_winrt.cc:1074 Getting Default Adapter failed.
8월 12, 2022 18:22:32.933 [18068:9964:0812/182232.933:ERROR:util.cc(127)] Can't create base directory: C:\Program Files\Google\GoogleUpdater

8월 16, 2022 10:15:46.809 NEW SESSION
8월 16, 2022 10:15:46.809 [19632:5644:0816/101546.808:ERROR:device_event_log_impl.cc(214)] [10:15:46.807] Bluetooth: bluetooth_adapter_winrt.cc:1074 Getting Default Adapter failed.
8월 16, 2022 10:18:55.268 [16812:6280:0816/101855.268:ERROR:device_event_log_impl.cc(214)] [10:18:55.268] Bluetooth: bluetooth_adapter_winrt.cc:1074 Getting Default Adapter failed.
8월 16, 2022 10:19:50.600 [16812:10744:0816/101950.599:ERROR:util.cc(127)] Can't create base directory: C:\Program Files\Google\GoogleUpdater
8월 16, 2022 10:20:07.733 [16644:16460:0816/102007.733:ERROR:device_event_log_impl.cc(214)] [10:20:07.732] Bluetooth: bluetooth_adapter_winrt.cc:1074 Getting Default Adapter failed.
8월 16, 2022 10:21:04.512 [16644:21316:0816/102104.512:ERROR:util.cc(127)] Can't create base directory: C:\Program Files\Google\GoogleUpdater

8월 17, 2022 10:19:59.607 NEW SESSION
8월 17, 2022 10:19:59.607 [10960:18576:0817/101959.591:ERROR:device_event_log_impl.cc(214)] [10:19:59.590] Bluetooth: bluetooth_adapter_winrt.cc:1074 Getting Default Adapter failed.
8월 17, 2022 10:20:56.03 [10960:19312:0817/102056.002:ERROR:util.cc(127)] Can't create base directory: C:\Program Files\Google\GoogleUpdater

8월 17, 2022 10:38:45.580 NEW SESSION
8월 17, 2022 10:38:45.580 [20800:14088:0817/103845.579:ERROR:device_event_log_impl.cc(214)] [10:38:45.579] Bluetooth: bluetooth_adapter_winrt.cc:1074 Getting Default Adapter failed.
8월 17, 2022 10:39:41.944 [20800:18408:0817/103941.943:ERROR:util.cc(127)] Can't create base directory: C:\Program Files\Google\GoogleUpdater
8월 17, 2022 10:49:48.50 [11684:5416:0817/104948.050:ERROR:device_event_log_impl.cc(214)] [10:49:48.050] Bluetooth: bluetooth_adapter_winrt.cc:1074 Getting Default Adapter failed.
8월 17, 2022 10:50:45.166 [11684:17360:0817/105045.166:ERROR:util.cc(127)] Can't create base directory: C:\Program Files\Google\GoogleUpdater
8월 17, 2022 10:54:37.626 [2472:19292:0817/105437.626:ERROR:device_event_log_impl.cc(214)] [10:54:37.627] Bluetooth: bluetooth_adapter_winrt.cc:1074 Getting Default Adapter failed.
8월 17, 2022 10:55:34.147 [2472:20620:0817/105534.146:ERROR:util.cc(127)] Can't create base directory: C:\Program Files\Google\GoogleUpdater
8월 17, 2022 10:58:10.371 [2100:1656:0817/105810.370:ERROR:device_event_log_impl.cc(214)] [10:58:10.370] Bluetooth: bluetooth_adapter_winrt.cc:1074 Getting Default Adapter failed.
8월 17, 2022 10:59:06.206 [2100:10368:0817/105906.205:ERROR:util.cc(127)] Can't create base directory: C:\Program Files\Google\GoogleUpdater
8월 17, 2022 11:01:53.437 [14528:9476:0817/110153.437:ERROR:device_event_log_impl.cc(214)] [11:01:53.437] Bluetooth: bluetooth_adapter_winrt.cc:1074 Getting Default Adapter failed.
8월 17, 2022 11:02:51.343 [14528:8980:0817/110251.342:ERROR:util.cc(127)] Can't create base directory: C:\Program Files\Google\GoogleUpdater

8월 17, 2022 11:22:31.110 NEW SESSION
8월 17, 2022 11:22:31.111 [19088:20724:0817/112231.109:ERROR:device_event_log_impl.cc(214)] [11:22:31.110] Bluetooth: bluetooth_adapter_winrt.cc:1074 Getting Default Adapter failed.
8월 17, 2022 11:23:27.698 [19088:19736:0817/112327.698:ERROR:util.cc(127)] Can't create base directory: C:\Program Files\Google\GoogleUpdater
8월 17, 2022 11:37:23.629 [10064:2024:0817/113723.628:ERROR:device_event_log_impl.cc(214)] [11:37:23.628] Bluetooth: bluetooth_adapter_winrt.cc:1074 Getting Default Adapter failed.
8월 17, 2022 11:38:20.498 [10064:20832:0817/113820.497:ERROR:util.cc(127)] Can't create base directory: C:\Program Files\Google\GoogleUpdater
8월 17, 2022 11:46:48.971 [9344:15944:0817/114648.971:ERROR:device_event_log_impl.cc(214)] [11:46:48.970] Bluetooth: bluetooth_adapter_winrt.cc:1074 Getting Default Adapter failed.
8월 17, 2022 11:47:46.610 [9344:19884:0817/114746.609:ERROR:util.cc(127)] Can't create base directory: C:\Program Files\Google\GoogleUpdater
8월 17, 2022 12:03:54.42 [21200:20524:0817/120354.042:ERROR:device_event_log_impl.cc(214)] [12:03:54.042] Bluetooth: bluetooth_adapter_winrt.cc:1074 Getting Default Adapter failed.
8월 17, 2022 12:04:51.629 [21200:16456:0817/120451.629:ERROR:util.cc(127)] Can't create base directory: C:\Program Files\Google\GoogleUpdater
8월 17, 2022 12:16:39.679 [18100:12904:0817/121639.679:ERROR:device_event_log_impl.cc(214)] [12:16:39.679] Bluetooth: bluetooth_adapter_winrt.cc:1074 Getting Default Adapter failed.
8월 17, 2022 12:17:37.458 [18100:21368:0817/121737.457:ERROR:util.cc(127)] Can't create base directory: C:\Program Files\Google\GoogleUpdater

8월 17, 2022 13:02:20.799 NEW SESSION
8월 17, 2022 13:02:20.799 [15316:10368:0817/130220.798:ERROR:device_event_log_impl.cc(214)] [13:02:20.798] Bluetooth: bluetooth_adapter_winrt.cc:1074 Getting Default Adapter failed.
8월 17, 2022 13:03:15.836 [15316:16720:0817/130315.836:ERROR:util.cc(127)] Can't create base directory: C:\Program Files\Google\GoogleUpdater

8월 17, 2022 17:20:44.516 NEW SESSION
8월 17, 2022 17:20:44.516 [14088:17768:0817/172044.515:ERROR:device_event_log_impl.cc(214)] [17:20:44.514] Bluetooth: bluetooth_adapter_winrt.cc:1074 Getting Default Adapter failed.
8월 17, 2022 17:21:41.511 [14088:13936:0817/172141.511:ERROR:util.cc(127)] Can't create base directory: C:\Program Files\Google\GoogleUpdater
8월 17, 2022 17:56:43.406 [14088:17768:0817/175643.406:ERROR:interface_endpoint_client.cc(665)] Message 1 rejected by interface blink.mojom.WidgetHost

8월 19, 2022 09:59:38.250 NEW SESSION
8월 19, 2022 09:59:38.250 [15524:13996:0819/095938.230:ERROR:device_event_log_impl.cc(214)] [09:59:38.231] Bluetooth: bluetooth_adapter_winrt.cc:1074 Getting Default Adapter failed.
8월 19, 2022 10:00:35.518 [15524:12760:0819/100035.517:ERROR:util.cc(127)] Can't create base directory: C:\Program Files\Google\GoogleUpdater
8월 19, 2022 10:08:40.532 [15524:13996:0819/100840.532:ERROR:interface_endpoint_client.cc(665)] Message 1 rejected by interface blink.mojom.WidgetHost
8월 19, 2022 10:08:40.532 [15524:13996:0819/100840.532:ERROR:interface_endpoint_client.cc(665)] Message 1 rejected by interface blink.mojom.WidgetHost
8월 19, 2022 10:33:20.101 [15524:13996:0819/103320.101:ERROR:interface_endpoint_client.cc(665)] Message 1 rejected by interface blink.mojom.WidgetHost
8월 19, 2022 11:03:36.240 [15524:13996:0819/110336.239:ERROR:interface_endpoint_client.cc(665)] Message 1 rejected by interface blink.mojom.WidgetHost
8월 19, 2022 13:03:56.977 [15524:13996:0819/130356.975:ERROR:interface_endpoint_client.cc(665)] Message 1 rejected by interface blink.mojom.WidgetHost

8월 24, 2022 09:34:32.195 NEW SESSION
8월 24, 2022 09:34:32.195 [24208:12308:0824/093432.149:ERROR:device_event_log_impl.cc(214)] [09:34:32.149] Bluetooth: bluetooth_adapter_winrt.cc:1074 Getting Default Adapter failed.
8월 24, 2022 09:35:29.160 [24208:8504:0824/093529.160:ERROR:util.cc(127)] Can't create base directory: C:\Program Files\Google\GoogleUpdater
8월 24, 2022 09:36:35.964 [24208:12308:0824/093635.963:ERROR:interface_endpoint_client.cc(665)] Message 1 rejected by interface blink.mojom.WidgetHost
8월 24, 2022 09:46:01.500 [24208:12308:0824/094601.500:ERROR:interface_endpoint_client.cc(665)] Message 1 rejected by interface blink.mojom.WidgetHost
8월 24, 2022 10:15:54.171 [24208:12308:0824/101554.170:ERROR:interface_endpoint_client.cc(665)] Message 1 rejected by interface blink.mojom.WidgetHost
8월 24, 2022 12:55:15.943 [24208:12308:0824/125515.942:ERROR:CONSOLE(1)] "console.assert", source: devtools://devtools/bundled/devtools-frontend/front_end/core/sdk/sdk.js (1)
8월 24, 2022 12:55:15.944 [24208:12308:0824/125515.944:ERROR:CONSOLE(0)] "TypeError: Cannot read properties of null (reading 'resourceURL')", source:  (0)
8월 24, 2022 12:55:15.956 [24208:12308:0824/125515.955:ERROR:CONSOLE(1)] "console.assert", source: devtools://devtools/bundled/devtools-frontend/front_end/core/sdk/sdk.js (1)
8월 24, 2022 12:55:19.241 [24208:12308:0824/125519.241:ERROR:CONSOLE(1)] "console.assert", source: devtools://devtools/bundled/devtools-frontend/front_end/core/sdk/sdk.js (1)
8월 24, 2022 12:55:19.242 [24208:12308:0824/125519.241:ERROR:CONSOLE(0)] "TypeError: Cannot read properties of null (reading 'resourceURL')", source:  (0)
8월 24, 2022 12:55:19.244 [24208:12308:0824/125519.243:ERROR:CONSOLE(1)] "console.assert", source: devtools://devtools/bundled/devtools-frontend/front_end/core/sdk/sdk.js (1)
8월 24, 2022 14:35:28.496 [24208:6104:0824/143528.496:ERROR:util.cc(127)] Can't create base directory: C:\Program Files\Google\GoogleUpdater

8월 25, 2022 17:31:35.117 NEW SESSION
8월 25, 2022 17:31:35.117 [23660:24300:0825/173135.109:ERROR:device_event_log_impl.cc(214)] [17:31:35.108] Bluetooth: bluetooth_adapter_winrt.cc:1074 Getting Default Adapter failed.
8월 25, 2022 17:32:31.702 [23660:25708:0825/173231.701:ERROR:util.cc(127)] Can't create base directory: C:\Program Files\Google\GoogleUpdater
